2023/01/05 07:13:42 [warn] 1#1: the "http2_max_header_size" directive is obsolete, use the "large_client_header_buffers" directive instead in /etc/nginx/conf.d/default.conf:8
2023/01/05 07:13:42 [warn] 1#1: the "http2_max_field_size" directive is obsolete, use the "large_client_header_buffers" directive instead in /etc/nginx/conf.d/default.conf:9
2023/01/05 07:13:42 [notice] 1#1: using the "epoll" event method
2023/01/05 07:13:42 [notice] 1#1: nginx/1.21.6
2023/01/05 07:13:42 [notice] 1#1: built by gcc 10.2.1 20210110 (Debian 10.2.1-6) 
2023/01/05 07:13:42 [notice] 1#1: OS: Linux 5.15.0-56-generic
2023/01/05 07:13:42 [notice] 1#1: getrlimit(RLIMIT_NOFILE): 1048576:1048576
2023/01/05 07:13:42 [notice] 1#1: start worker processes
2023/01/05 07:13:42 [notice] 1#1: start worker process 30
2023/01/05 07:13:42 [notice] 1#1: start worker process 31
2023/01/05 07:13:42 [notice] 1#1: start worker process 32
2023/01/05 07:13:42 [notice] 1#1: start worker process 33
2023/01/05 07:13:42 [notice] 1#1: start worker process 34
2023/01/05 07:13:42 [notice] 1#1: start worker process 35
2023/01/05 07:13:42 [notice] 1#1: start worker process 36
2023/01/05 07:13:42 [notice] 1#1: start worker process 37
2023/01/05 07:13:42 [notice] 1#1: start worker process 38
2023/01/05 07:13:42 [notice] 1#1: start worker process 39
2023/01/05 07:13:42 [notice] 1#1: start worker process 40
2023/01/05 07:13:42 [notice] 1#1: start worker process 41
2023/01/09 05:58:42 [warn] 1#1: the "http2_max_header_size" directive is obsolete, use the "large_client_header_buffers" directive instead in /etc/nginx/conf.d/default.conf:8
2023/01/09 05:58:42 [warn] 1#1: the "http2_max_field_size" directive is obsolete, use the "large_client_header_buffers" directive instead in /etc/nginx/conf.d/default.conf:9
2023/01/09 05:58:42 [emerg] 1#1: host not found in upstream "oniad-order-system-php" in /etc/nginx/conf.d/default.conf:20
2023/01/09 05:58:50 [warn] 1#1: the "http2_max_header_size" directive is obsolete, use the "large_client_header_buffers" directive instead in /etc/nginx/conf.d/default.conf:8
2023/01/09 05:58:50 [warn] 1#1: the "http2_max_field_size" directive is obsolete, use the "large_client_header_buffers" directive instead in /etc/nginx/conf.d/default.conf:9
2023/01/09 05:58:50 [notice] 1#1: using the "epoll" event method
2023/01/09 05:58:50 [notice] 1#1: nginx/1.21.6
2023/01/09 05:58:50 [notice] 1#1: built by gcc 10.2.1 20210110 (Debian 10.2.1-6) 
2023/01/09 05:58:50 [notice] 1#1: OS: Linux 5.15.0-56-generic
2023/01/09 05:58:50 [notice] 1#1: getrlimit(RLIMIT_NOFILE): 1048576:1048576
2023/01/09 05:58:50 [notice] 1#1: start worker processes
2023/01/09 05:58:50 [notice] 1#1: start worker process 30
2023/01/09 05:58:50 [notice] 1#1: start worker process 31
2023/01/09 05:58:50 [notice] 1#1: start worker process 32
2023/01/09 05:58:50 [notice] 1#1: start worker process 33
2023/01/09 05:58:50 [notice] 1#1: start worker process 34
2023/01/09 05:58:50 [notice] 1#1: start worker process 35
2023/01/09 05:58:50 [notice] 1#1: start worker process 36
2023/01/09 05:58:50 [notice] 1#1: start worker process 37
2023/01/09 05:58:50 [notice] 1#1: start worker process 38
2023/01/09 05:58:50 [notice] 1#1: start worker process 39
2023/01/09 05:58:50 [notice] 1#1: start worker process 40
2023/01/09 05:58:50 [notice] 1#1: start worker process 41
